{"logTime": "0323/130506", "correlationVector":"DsrdF+CbHAg5kY1a5VV+Ny.1","action":"SyncServerConnectionManagerRequest", "result":"SYNC_SERVER_OK", "context":{"environment":"Prod_brazilsouth_prod-s01-001-sam-brazilsouth", "migrationStage":"NotStarted", "server":"akswtt208000031"}}
{"logTime": "0323/130506", "correlationVector":"DsrdF+CbHAg5kY1a5VV+Ny.2","action":"ProcessGetUpdates", "result":"Done", "context":{"dataType":"Encryption Keys", "deleted":"0", "process_failed_to_decrypt":"0", "process_pending_decryption":"0", "process_success":"1", "total":"1"}}
{"logTime": "0323/130506", "correlationVector":"cg51hRwvHsBDslAaWIQUFM","action":"SyncServerConnectionManagerRequest", "result":"SYNC_SERVER_OK", "context":{"environment":"", "migrationStage":"", "server":""}}
{"logTime": "0323/130506", "correlationVector":"cg51hRwvHsBDslAaWIQUFM.0","action":"EncryptionKeysFetcher.DownloadKeys:", "result":"Success", "context":Key count: 8, Last key timestamp: 2024-10-30T21:06:55Z}
{"logTime": "0323/130506", "correlationVector":"cg51hRwvHsBDslAaWIQUFM.1","action":"EncryptionKeysManager::SetEncryptionKeys:", "result":"Success", "context":Key names[8]:[hLya+Dl8x9+TN3HtY7XA6JewcCKUXKje19Z/oY3pbCagbJlvwfi66ErKOAi9pkCmVMoS29W/gykLA/fA1I211A==][c921h6CABXTfPrgfS9y9yNduugG63cbojl02Gms4emJ30gakBlagiXMusB9xCVJ8JpR5MVAS1v4TTYjTEIvhYQ==][5Rrt3r4L1Q0Qya5B54trMPlQuvAXJjo+T91r0aV6/VUX1DC2oczFFnG/HwV2tAortKeqU0LmJa8KeOz2PF92bg==][YHP4tLMxNwlqOspoqKWaGDGqAQ7tEqUMo8U9Wq/BCgUEqdaYUI9CxgVDNuUykFYraRK22UV2mVowNiM4lvXtBg==][mzMbkrn0a1fd/hCep3rNhiDb+7WTOvwuL3oUDWu4clNQdzwvw8c1Lo/WxwoVxjUByUsO1NQkCLCn4d3DKO8VRw==][YLHjh2ZTjoGN8JpMn+gh/bvR0rkbfGFds/YdWESr3VeqCxcsNgUAon/KmhbZeJAnQ9rMDZD4wCIY6Df6lkZu9w==][0q4KWCCPcNlqnryZJphebQ2XOpvUL/53GNR9iuClp4B7CZQseLmLXF6WztunxMk6kfW3nzwUa4uMeeVIuzr4MQ==][OrQ2Gt81zXYS6kmNdFWy54GNsKeiNCz2ASWomqNnxNNYEG4orBJZ2iLiQi07ce2Pj0ecoNRn4POrCGd+4x2REg==]}
{"logTime": "0323/130506", "correlationVector":"cg51hRwvHsBDslAaWIQUFM.2","action":"EncryptionKeysManager::SetEncryptionKeysWithTimestamps:", "result":"Success", "context":Key timestamps[8]:[2020-08-01T23:24:36Z][2021-02-09T10:52:55Z][2021-08-16T12:38:00Z][2022-09-14T17:31:12Z][2023-04-07T18:10:38Z][2023-10-17T19:50:07Z][2024-04-30T22:53:58Z][2024-10-30T21:06:55Z]}
{"logTime": "0323/130506", "correlationVector":"DsrdF+CbHAg5kY1a5VV+Ny","action":"Initial GetUpdates", "result":"", "context":Reason: NEW_CLIENT. cV=DsrdF+CbHAg5kY1a5VV+Ny}
{"logTime": "0323/130506", "correlationVector":"DsrdF+CbHAg5kY1a5VV+Ny.3","action":"GetUpdates Response", "result":"Success", "context":Received 1 update(s). cV=DsrdF+CbHAg5kY1a5VV+Ny.0;server=akswtt208000031;cloudType=Consumer;environment=Prod_brazilsouth_prod-s01-001-sam-brazilsouth;migrationStage=NotStarted}
{"logTime": "0323/130506", "correlationVector":"AQtmXLJapNnXlaKt24rBRm","action":"Initial GetUpdates", "result":"", "context":Reason: NEWLY_SUPPORTED_DATATYPE. cV=AQtmXLJapNnXlaKt24rBRm}
{"logTime": "0323/130507", "correlationVector":"AQtmXLJapNnXlaKt24rBRm.1","action":"SyncServerConnectionManagerRequest", "result":"SYNC_SERVER_OK", "context":{"environment":"Prod_brazilsouth_prod-s01-001-sam-brazilsouth", "migrationStage":"NotStarted", "server":"akswtt20800000s"}}
{"logTime": "0323/130507", "correlationVector":"AQtmXLJapNnXlaKt24rBRm.2","action":"ProcessGetUpdates", "result":"Done", "context":{"dataType":"Passwords", "deleted":"0", "process_failed_to_decrypt":"0", "process_pending_decryption":"0", "process_success":"1", "total":"1"}}
{"logTime": "0323/130507", "correlationVector":"AQtmXLJapNnXlaKt24rBRm.3","action":"GetUpdates Response", "result":"Success", "context":Received 1 update(s). cV=AQtmXLJapNnXlaKt24rBRm.0;server=akswtt20800000s;cloudType=Consumer;environment=Prod_brazilsouth_prod-s01-001-sam-brazilsouth;migrationStage=NotStarted}
{"logTime": "0323/130507", "correlationVector":"jxLz6eHLZQ0bEzJhwp8Gu+","action":"Initial GetUpdates", "result":"", "context":Reason: NEWLY_SUPPORTED_DATATYPE. cV=jxLz6eHLZQ0bEzJhwp8Gu+}
{"logTime": "0323/130507", "correlationVector":"jxLz6eHLZQ0bEzJhwp8Gu+.1","action":"SyncServerConnectionManagerRequest", "result":"SYNC_SERVER_OK", "context":{"environment":"Prod_brazilsouth_prod-s01-001-sam-brazilsouth", "migrationStage":"NotStarted", "server":"akswtt20800000v"}}
{"logTime": "0323/130507", "correlationVector":"jxLz6eHLZQ0bEzJhwp8Gu+.2","action":"ProcessGetUpdates", "result":"Done", "context":{"dataType":"Bookmarks", "deleted":"0", "process_failed_to_decrypt":"0", "process_pending_decryption":"0", "process_success":"5", "total":"5"}}
{"logTime": "0323/130507", "correlationVector":"jxLz6eHLZQ0bEzJhwp8Gu+.3","action":"GetUpdates Response", "result":"Success", "context":Received 5 update(s). cV=jxLz6eHLZQ0bEzJhwp8Gu+.0;server=akswtt20800000v;cloudType=Consumer;environment=Prod_brazilsouth_prod-s01-001-sam-brazilsouth;migrationStage=NotStarted}
{"logTime": "0323/130507", "correlationVector":"77r0GySMODiYwGW8luifWm","action":"Initial GetUpdates", "result":"", "context":Reason: NEWLY_SUPPORTED_DATATYPE. cV=77r0GySMODiYwGW8luifWm}
{"logTime": "0323/130507", "correlationVector":"77r0GySMODiYwGW8luifWm.1","action":"SyncServerConnectionManagerRequest", "result":"SYNC_SERVER_OK", "context":{"environment":"Prod_brazilsouth_prod-s01-001-sam-brazilsouth", "migrationStage":"NotStarted", "server":"akswtt208000031"}}
{"logTime": "0323/130507", "correlationVector":"77r0GySMODiYwGW8luifWm.2","action":"ProcessGetUpdates", "result":"Done", "context":{"dataType":"Autofill Profiles", "deleted":"0", "process_failed_to_decrypt":"0", "process_pending_decryption":"0", "process_success":"1", "total":"1"}}
{"logTime": "0323/130507", "correlationVector":"77r0GySMODiYwGW8luifWm.3","action":"ProcessGetUpdates", "result":"Done", "context":{"dataType":"Autofill", "deleted":"0", "process_failed_to_decrypt":"0", "process_pending_decryption":"0", "process_success":"10", "total":"10"}}
{"logTime": "0323/130507", "correlationVector":"77r0GySMODiYwGW8luifWm.4","action":"GetUpdates Response", "result":"Success", "context":Received 11 update(s). cV=77r0GySMODiYwGW8luifWm.0;server=akswtt208000031;cloudType=Consumer;environment=Prod_brazilsouth_prod-s01-001-sam-brazilsouth;migrationStage=NotStarted}
{"logTime": "0323/130507", "correlationVector":"TLZM2sLWDjACAfCHQKCZIA","action":"Initial GetUpdates", "result":"", "context":Reason: NEWLY_SUPPORTED_DATATYPE. cV=TLZM2sLWDjACAfCHQKCZIA}
{"logTime": "0323/130508", "correlationVector":"TLZM2sLWDjACAfCHQKCZIA.1","action":"SyncServerConnectionManagerRequest", "result":"SYNC_SERVER_OK", "context":{"environment":"Prod_brazilsouth_prod-s01-001-sam-brazilsouth", "migrationStage":"NotStarted", "server":"akswtt20800000v"}}
{"logTime": "0323/130508", "correlationVector":"TLZM2sLWDjACAfCHQKCZIA.2","action":"GetUpdates Response", "result":"Success", "context":Received 0 update(s). cV=TLZM2sLWDjACAfCHQKCZIA.0;server=akswtt20800000v;cloudType=Consumer;environment=Prod_brazilsouth_prod-s01-001-sam-brazilsouth;migrationStage=NotStarted}
{"logTime": "0323/130508", "correlationVector":"brfaSkP25CVGG4mUhve+HY","action":"Normal GetUpdate request", "result":"", "context":cV=brfaSkP25CVGG4mUhve+HY
Refresh requested types: Bookmarks, Passwords, Autofill Profiles, Autofill, History, Edge Wallet, Encryption Keys}
{"logTime": "0323/130508", "correlationVector":"brfaSkP25CVGG4mUhve+HY.1","action":"SyncServerConnectionManagerRequest", "result":"SYNC_SERVER_OK", "context":{"environment":"Prod_brazilsouth_prod-s01-001-sam-brazilsouth", "migrationStage":"NotStarted", "server":"akswtt208000031"}}
{"logTime": "0323/130508", "correlationVector":"brfaSkP25CVGG4mUhve+HY.2","action":"GetUpdates Response", "result":"Success", "context":Received 0 update(s). cV=brfaSkP25CVGG4mUhve+HY.0;server=akswtt208000031;cloudType=Consumer;environment=Prod_brazilsouth_prod-s01-001-sam-brazilsouth;migrationStage=NotStarted}
{"logTime": "0323/130508", "correlationVector":"38HlZ735Bamjqp9a+BXSDm","action":"DoCompareDataConsistency requsted types: ", "result":"Bookmarks, Passwords, History, Edge Wallet, Encryption Keys"}
{"logTime": "0323/130508", "correlationVector":"38HlZ735Bamjqp9a+BXSDm.0","action":"CompareDataConsistency result: ", "result":"Compare result: Encryption Keys is consistent. local entities count is: 1 local entities hash is: N+Oa5p60RgRngYj5q23y+hVw0rQ="}
{"logTime": "0323/130508", "correlationVector":"38HlZ735Bamjqp9a+BXSDm.1","action":"CompareDataConsistency result: ", "result":"Compare result: Bookmarks is consistent. local entities count is: 0 local entities hash is: "}
{"logTime": "0323/130508", "correlationVector":"38HlZ735Bamjqp9a+BXSDm.2","action":"CompareDataConsistency result: ", "result":"Server did not send this History local entities count is: 0 local entities hash is: "}
{"logTime": "0323/130508", "correlationVector":"38HlZ735Bamjqp9a+BXSDm.3","action":"CompareDataConsistency result: ", "result":"Compare result: Edge Wallet is consistent. local entities count is: 0 local entities hash is: "}
{"logTime": "0323/130508", "correlationVector":"38HlZ735Bamjqp9a+BXSDm.4","action":"CompareDataConsistency result: ", "result":"Compare result: Passwords is consistent. local entities count is: 1 local entities hash is: AIbQ0eedz8pStczg3h2J1FvkOoM="}
{"logTime": "0323/130508", "correlationVector":"","action":"DIAGNOSTIC_REQUEST|v1/diagnosticData/Diagnostic.SendCheckResult()|SUCCESS", "result":""}
{"logTime": "0323/130612", "correlationVector":"89gVNhCLzEkKVjehurizPn","action":"Commit Request", "result":"", "context":Item count: 5
Contributing types: History}
{"logTime": "0323/130613", "correlationVector":"89gVNhCLzEkKVjehurizPn.1","action":"SyncServerConnectionManagerRequest", "result":"SYNC_SERVER_OK", "context":{"environment":"Prod_brazilsouth_prod-s01-001-sam-brazilsouth", "migrationStage":"NotStarted", "server":"akswtt20800000v"}}
{"logTime": "0323/130613", "correlationVector":"89gVNhCLzEkKVjehurizPn.2","action":"Commit Response", "result":"Success", "context":Result: Success. cV=89gVNhCLzEkKVjehurizPn.0;server=akswtt20800000v;cloudType=Consumer;environment=Prod_brazilsouth_prod-s01-001-sam-brazilsouth;migrationStage=NotStarted}
{"logTime": "0323/130931", "correlationVector":"kTRpx92xGrGBdm32MWOIjP","action":"Commit Request", "result":"", "context":Item count: 3
Contributing types: History}
{"logTime": "0323/130932", "correlationVector":"kTRpx92xGrGBdm32MWOIjP.1","action":"SyncServerConnectionManagerRequest", "result":"SYNC_SERVER_OK", "context":{"environment":"Prod_brazilsouth_prod-s01-001-sam-brazilsouth", "migrationStage":"NotStarted", "server":"akswtt20800003t"}}
{"logTime": "0323/130932", "correlationVector":"kTRpx92xGrGBdm32MWOIjP.2","action":"Commit Response", "result":"Success", "context":Result: Success. cV=kTRpx92xGrGBdm32MWOIjP.0;server=akswtt20800003t;cloudType=Consumer;environment=Prod_brazilsouth_prod-s01-001-sam-brazilsouth;migrationStage=NotStarted}
{"logTime": "0323/131034", "correlationVector":"C7z2z/r2fHxDVRBzOwM9p1","action":"Commit Request", "result":"", "context":Item count: 1
Contributing types: History}
{"logTime": "0323/131034", "correlationVector":"C7z2z/r2fHxDVRBzOwM9p1.1","action":"SyncServerConnectionManagerRequest", "result":"SYNC_SERVER_OK", "context":{"environment":"Prod_brazilsouth_prod-s01-001-sam-brazilsouth", "migrationStage":"NotStarted", "server":"akswtt208000033"}}
{"logTime": "0323/131034", "correlationVector":"C7z2z/r2fHxDVRBzOwM9p1.2","action":"Commit Response", "result":"Success", "context":Result: Success. cV=C7z2z/r2fHxDVRBzOwM9p1.0;server=akswtt208000033;cloudType=Consumer;environment=Prod_brazilsouth_prod-s01-001-sam-brazilsouth;migrationStage=NotStarted}
{"logTime": "0323/131754", "correlationVector":"BdOTn8vcvxP02OSBpz1ml2","action":"Commit Request", "result":"", "context":Item count: 3
Contributing types: History}
{"logTime": "0323/131754", "correlationVector":"BdOTn8vcvxP02OSBpz1ml2.1","action":"SyncServerConnectionManagerRequest", "result":"SYNC_SERVER_OK", "context":{"environment":"Prod_brazilsouth_prod-s01-034-sam-brazilsouth", "migrationStage":"NotStarted", "server":"akswtt005000025"}}
{"logTime": "0323/131754", "correlationVector":"BdOTn8vcvxP02OSBpz1ml2.2","action":"Commit Response", "result":"Success", "context":Result: Success. cV=BdOTn8vcvxP02OSBpz1ml2.0;server=akswtt005000025;cloudType=Consumer;environment=Prod_brazilsouth_prod-s01-034-sam-brazilsouth;migrationStage=NotStarted}
{"logTime": "0323/132017", "correlationVector":"Tq4mxpPQwgq6VDIo7FhO3l","action":"Commit Request", "result":"", "context":Item count: 11
Contributing types: History}
{"logTime": "0323/132018", "correlationVector":"Tq4mxpPQwgq6VDIo7FhO3l.1","action":"SyncServerConnectionManagerRequest", "result":"SYNC_SERVER_OK", "context":{"environment":"Prod_brazilsouth_prod-s01-001-sam-brazilsouth", "migrationStage":"NotStarted", "server":"akswtt20800003j"}}
{"logTime": "0323/132018", "correlationVector":"Tq4mxpPQwgq6VDIo7FhO3l.2","action":"Commit Response", "result":"Success", "context":Result: Success. cV=Tq4mxpPQwgq6VDIo7FhO3l.0;server=akswtt20800003j;cloudType=Consumer;environment=Prod_brazilsouth_prod-s01-001-sam-brazilsouth;migrationStage=NotStarted}
{"logTime": "0323/132123", "correlationVector":"c+RXNOuZTdYbIuLe5mxaMP","action":"Commit Request", "result":"", "context":Item count: 5
Contributing types: History}
{"logTime": "0323/132123", "correlationVector":"c+RXNOuZTdYbIuLe5mxaMP.1","action":"SyncServerConnectionManagerRequest", "result":"SYNC_SERVER_OK", "context":{"environment":"Prod_brazilsouth_prod-s01-034-sam-brazilsouth", "migrationStage":"NotStarted", "server":"akswtt005000001"}}
{"logTime": "0323/132123", "correlationVector":"c+RXNOuZTdYbIuLe5mxaMP.2","action":"Commit Response", "result":"Success", "context":Result: Success. cV=c+RXNOuZTdYbIuLe5mxaMP.0;server=akswtt005000001;cloudType=Consumer;environment=Prod_brazilsouth_prod-s01-034-sam-brazilsouth;migrationStage=NotStarted}
{"logTime": "0323/133152", "correlationVector":"frzqouo5ncfGqh6yeVHcjc","action":"Commit Request", "result":"", "context":Item count: 1
Contributing types: History}
{"logTime": "0323/133153", "correlationVector":"frzqouo5ncfGqh6yeVHcjc.1","action":"SyncServerConnectionManagerRequest", "result":"SYNC_SERVER_OK", "context":{"environment":"Prod_brazilsouth_prod-s01-034-sam-brazilsouth", "migrationStage":"NotStarted", "server":"akswtt00500000w"}}
{"logTime": "0323/133153", "correlationVector":"frzqouo5ncfGqh6yeVHcjc.2","action":"Commit Response", "result":"Success", "context":Result: Success. cV=frzqouo5ncfGqh6yeVHcjc.0;server=akswtt00500000w;cloudType=Consumer;environment=Prod_brazilsouth_prod-s01-034-sam-brazilsouth;migrationStage=NotStarted}
{"logTime": "0323/133412", "correlationVector":"qKvWb8g9g0XFcJh9vK7cja","action":"Commit Request", "result":"", "context":Item count: 2
Contributing types: History}
{"logTime": "0323/133413", "correlationVector":"qKvWb8g9g0XFcJh9vK7cja.1","action":"SyncServerConnectionManagerRequest", "result":"SYNC_SERVER_OK", "context":{"environment":"Prod_brazilsouth_prod-s01-001-sam-brazilsouth", "migrationStage":"NotStarted", "server":"akswtt20800000s"}}
{"logTime": "0323/133413", "correlationVector":"qKvWb8g9g0XFcJh9vK7cja.2","action":"Commit Response", "result":"Success", "context":Result: Success. cV=qKvWb8g9g0XFcJh9vK7cja.0;server=akswtt20800000s;cloudType=Consumer;environment=Prod_brazilsouth_prod-s01-001-sam-brazilsouth;migrationStage=NotStarted}
{"logTime": "0323/134423", "correlationVector":"7SL3qFoOxEA25Y3SmgdsIb","action":"Commit Request", "result":"", "context":Item count: 3
Contributing types: History}
{"logTime": "0323/134424", "correlationVector":"7SL3qFoOxEA25Y3SmgdsIb.1","action":"SyncServerConnectionManagerRequest", "result":"SYNC_SERVER_OK", "context":{"environment":"Prod_brazilsouth_prod-s01-001-sam-brazilsouth", "migrationStage":"NotStarted", "server":"akswtt20800002b"}}
{"logTime": "0323/134424", "correlationVector":"7SL3qFoOxEA25Y3SmgdsIb.2","action":"Commit Response", "result":"Success", "context":Result: Success. cV=7SL3qFoOxEA25Y3SmgdsIb.0;server=akswtt20800002b;cloudType=Consumer;environment=Prod_brazilsouth_prod-s01-001-sam-brazilsouth;migrationStage=NotStarted}
{"logTime": "0323/134531", "correlationVector":"L4QvgcWucZj3n43UA1cOmg","action":"Commit Request", "result":"", "context":Item count: 2
Contributing types: History}
{"logTime": "0323/134532", "correlationVector":"L4QvgcWucZj3n43UA1cOmg.1","action":"SyncServerConnectionManagerRequest", "result":"SYNC_SERVER_OK", "context":{"environment":"Prod_brazilsouth_prod-s01-001-sam-brazilsouth", "migrationStage":"NotStarted", "server":"akswtt208000015"}}
{"logTime": "0323/134532", "correlationVector":"L4QvgcWucZj3n43UA1cOmg.2","action":"Commit Response", "result":"Success", "context":Result: Success. cV=L4QvgcWucZj3n43UA1cOmg.0;server=akswtt208000015;cloudType=Consumer;environment=Prod_brazilsouth_prod-s01-001-sam-brazilsouth;migrationStage=NotStarted}
{"logTime": "0323/135002", "correlationVector":"O9gnMYsoibr7lnjByDFU1B","action":"Commit Request", "result":"", "context":Item count: 2
Contributing types: History}
{"logTime": "0323/135002", "correlationVector":"O9gnMYsoibr7lnjByDFU1B.1","action":"SyncServerConnectionManagerRequest", "result":"SYNC_SERVER_OK", "context":{"environment":"Prod_brazilsouth_prod-s01-034-sam-brazilsouth", "migrationStage":"NotStarted", "server":"akswtt00500000f"}}
{"logTime": "0323/135002", "correlationVector":"O9gnMYsoibr7lnjByDFU1B.2","action":"Commit Response", "result":"Success", "context":Result: Success. cV=O9gnMYsoibr7lnjByDFU1B.0;server=akswtt00500000f;cloudType=Consumer;environment=Prod_brazilsouth_prod-s01-034-sam-brazilsouth;migrationStage=NotStarted}
